<?xml version="1.0" encoding="UTF-8"?>
<coverage generated="1671781462066" clover="3.2.0">
  <project timestamp="1671781462066" name="All files">
    <metrics statements="25" coveredstatements="25" conditionals="16" coveredconditionals="16" methods="7" coveredmethods="7" elements="48" coveredelements="48" complexity="0" loc="25" ncloc="25" packages="1" files="2" classes="2"/>
    <file name="Bowman.js" path="C:\Users\TS\Desktop\Обучение Толик\ajs-homeworks\ajs-task-5.2-by-kiraradi\src\Bowman.js">
      <metrics statements="1" coveredstatements="1" conditionals="2" coveredconditionals="2" methods="1" coveredmethods="1"/>
      <line num="5" count="6" type="stmt"/>
    </file>
    <file name="Character.js" path="C:\Users\TS\Desktop\Обучение Толик\ajs-homeworks\ajs-task-5.2-by-kiraradi\src\Character.js">
      <metrics statements="24" coveredstatements="24" conditionals="14" coveredconditionals="14" methods="6" coveredmethods="6"/>
      <line num="1" count="1" type="stmt"/>
      <line num="12" count="6" type="stmt"/>
      <line num="13" count="6" type="stmt"/>
      <line num="14" count="6" type="stmt"/>
      <line num="15" count="6" type="stmt"/>
      <line num="16" count="6" type="stmt"/>
      <line num="17" count="6" type="stmt"/>
      <line num="19" count="6" type="stmt"/>
      <line num="20" count="5" type="stmt"/>
      <line num="24" count="6" type="cond" truecount="4" falsecount="0"/>
      <line num="25" count="1" type="stmt"/>
      <line num="30" count="10" type="cond" truecount="2" falsecount="0"/>
      <line num="31" count="1" type="stmt"/>
      <line num="36" count="2" type="cond" truecount="2" falsecount="0"/>
      <line num="37" count="1" type="stmt"/>
      <line num="39" count="1" type="stmt"/>
      <line num="40" count="1" type="stmt"/>
      <line num="41" count="1" type="stmt"/>
      <line num="42" count="1" type="stmt"/>
      <line num="46" count="4" type="cond" truecount="2" falsecount="0"/>
      <line num="47" count="1" type="stmt"/>
      <line num="49" count="3" type="stmt"/>
      <line num="50" count="3" type="cond" truecount="2" falsecount="0"/>
      <line num="51" count="2" type="stmt"/>
    </file>
  </project>
</coverage>
