<?xml version="1.0" encoding="UTF-8"?>
<coverage generated="1671798770602" clover="3.2.0">
  <project timestamp="1671798770602" name="All files">
    <metrics statements="27" coveredstatements="26" conditionals="12" coveredconditionals="11" methods="7" coveredmethods="7" elements="46" coveredelements="44" complexity="0" loc="27" ncloc="27" packages="1" files="2" classes="2"/>
    <file name="Bowman.js" path="C:\Users\TS\Desktop\Обучение Толик\ajs-homeworks\ajs-task-5.2-by-kiraradi\src\Bowman.js">
      <metrics statements="3" coveredstatements="3" conditionals="0" coveredconditionals="0" methods="1" coveredmethods="1"/>
      <line num="5" count="8" type="stmt"/>
      <line num="6" count="6" type="stmt"/>
      <line num="7" count="6" type="stmt"/>
    </file>
    <file name="Character.js" path="C:\Users\TS\Desktop\Обучение Толик\ajs-homeworks\ajs-task-5.2-by-kiraradi\src\Character.js">
      <metrics statements="24" coveredstatements="23" conditionals="12" coveredconditionals="11" methods="6" coveredmethods="6"/>
      <line num="1" count="1" type="stmt"/>
      <line num="12" count="8" type="stmt"/>
      <line num="13" count="7" type="stmt"/>
      <line num="14" count="6" type="stmt"/>
      <line num="15" count="6" type="stmt"/>
      <line num="16" count="6" type="stmt"/>
      <line num="17" count="6" type="stmt"/>
      <line num="18" count="6" type="stmt"/>
      <line num="19" count="6" type="stmt"/>
      <line num="23" count="8" type="cond" truecount="4" falsecount="0"/>
      <line num="24" count="1" type="stmt"/>
      <line num="29" count="12" type="cond" truecount="2" falsecount="0"/>
      <line num="30" count="1" type="stmt"/>
      <line num="35" count="2" type="cond" truecount="2" falsecount="0"/>
      <line num="36" count="1" type="stmt"/>
      <line num="38" count="1" type="stmt"/>
      <line num="39" count="1" type="stmt"/>
      <line num="40" count="1" type="stmt"/>
      <line num="41" count="1" type="stmt"/>
      <line num="45" count="3" type="cond" truecount="1" falsecount="1"/>
      <line num="46" count="0" type="stmt"/>
      <line num="48" count="3" type="stmt"/>
      <line num="49" count="3" type="cond" truecount="2" falsecount="0"/>
      <line num="50" count="2" type="stmt"/>
    </file>
  </project>
</coverage>
