TN:
SF:src\Bowman.js
FN:4,(anonymous_0)
FNF:1
FNH:1
FNDA:8,(anonymous_0)
DA:5,8
DA:6,6
DA:7,6
LF:3
LH:3
BRF:0
BRH:0
end_of_record
TN:
SF:src\Character.js
FN:11,(anonymous_0)
FN:22,(anonymous_1)
FN:28,(anonymous_2)
FN:29,(anonymous_3)
FN:34,(anonymous_4)
FN:44,(anonymous_5)
FNF:6
FNH:6
FNDA:8,(anonymous_0)
FNDA:8,(anonymous_1)
FNDA:7,(anonymous_2)
FNDA:12,(anonymous_3)
FNDA:2,(anonymous_4)
FNDA:3,(anonymous_5)
DA:1,1
DA:12,8
DA:13,7
DA:14,6
DA:15,6
DA:16,6
DA:17,6
DA:18,6
DA:19,6
DA:23,8
DA:24,1
DA:29,12
DA:30,1
DA:35,2
DA:36,1
DA:38,1
DA:39,1
DA:40,1
DA:41,1
DA:45,3
DA:46,0
DA:48,3
DA:49,3
DA:50,2
LF:24
LH:23
BRDA:23,0,0,1
BRDA:23,0,1,7
BRDA:23,1,0,8
BRDA:23,1,1,1
BRDA:29,2,0,1
BRDA:29,2,1,6
BRDA:35,3,0,1
BRDA:35,3,1,1
BRDA:45,4,0,0
BRDA:45,4,1,3
BRDA:49,5,0,2
BRDA:49,5,1,1
BRF:12
BRH:11
end_of_record
